<?xml version="1.0" encoding="UTF-8"?>
<!-- Generated by org.testng.reporters.JUnitXMLReporter -->
<testsuite ignored="0" hostname="sonal-X556UQK" failures="0" tests="8" name="Default test" time="137.094" errors="0" timestamp="2022-01-27T19:23:22 IST">
  <testcase classname="tests.Home_TC_02" name="cookieClose" time="0.297"/>
  <testcase classname="tests.Home_TC_02" name="homePageValidation" time="0.123"/>
  <testcase classname="tests.Home_TC_02" name="officePageValidation" time="7.883"/>
  <testcase classname="tests.Home_TC_02" name="productsPageValidation" time="13.372"/>
  <testcase classname="tests.Home_TC_02" name="insightsPageValidation" time="28.03"/>
  <testcase classname="tests.Home_TC_02" name="industriesPagevalidation" time="8.949"/>
  <testcase classname="tests.Home_TC_02" name="searchIconValidation" time="16.407"/>
  <testcase classname="tests.Home_TC_02" name="contactUsPageValidation" time="10.768"/>
</testsuite> <!-- Default test -->
