<?xml version="1.0" encoding="UTF-8"?>
<!-- Generated by org.testng.reporters.JUnitXMLReporter -->
<testsuite ignored="0" hostname="sonal-X556UQK" failures="0" tests="8" name="SanityTest" time="136.429" errors="0" timestamp="2022-01-27T20:16:28 IST">
  <testcase classname="tests.Home_TC_02" name="cookieClose" time="0.359"/>
  <testcase classname="tests.Home_TC_02" name="homePageValidation" time="0.069"/>
  <testcase classname="tests.Home_TC_02" name="officePageValidation" time="8.117"/>
  <testcase classname="tests.Home_TC_02" name="productsPageValidation" time="8.347"/>
  <testcase classname="tests.Home_TC_02" name="insightsPageValidation" time="16.221"/>
  <testcase classname="tests.Home_TC_02" name="industriesPagevalidation" time="9.558"/>
  <testcase classname="tests.Home_TC_02" name="searchIconValidation" time="18.292"/>
  <testcase classname="tests.Home_TC_02" name="contactUsPageValidation" time="31.387"/>
</testsuite> <!-- SanityTest -->
