<?xml version="1.0" encoding="UTF-8"?>
<testng-results ignored="0" total="8" passed="7" failed="1" skipped="0">
  <reporter-output>
    <line>
      <![CDATA[Home Page Validated]]>
    </line>
    <line>
      <![CDATA[Offices page is Validated]]>
    </line>
    <line>
      <![CDATA[Products -> Business Insurance Page validated....]]>
    </line>
    <line>
      <![CDATA[Elements Present......Insights Page Validated]]>
    </line>
    <line>
      <![CDATA[Industries -> Entertainment Page Validated]]>
    </line>
    <line>
      <![CDATA[Contact us page validated]]>
    </line>
  </reporter-output>
  <suite started-at="2022-02-09T19:10:03 IST" name="Suite" finished-at="2022-02-09T19:13:16 IST" duration-ms="192731">
    <groups>
    </groups>
    <test started-at="2022-02-09T19:10:03 IST" name="SanityTest" finished-at="2022-02-09T19:13:16 IST" duration-ms="192731">
      <class name="tests.Home_TC_02">
        <test-method is-config="true" signature="setup()[pri:0, instance:tests.Home_TC_02@4b14c583]" started-at="2022-02-09T19:10:03 IST" name="setup" finished-at="2022-02-09T19:11:24 IST" duration-ms="80876" status="PASS">
          <reporter-output>
          </reporter-output>
        </test-method> <!-- setup -->
        <test-method signature="cookieClose()[pri:0, instance:tests.Home_TC_02@4b14c583]" started-at="2022-02-09T19:11:26 IST" name="cookieClose" finished-at="2022-02-09T19:11:28 IST" duration-ms="2633" status="PASS">
          <reporter-output>
          </reporter-output>
        </test-method> <!-- cookieClose -->
        <test-method signature="homePageValidation()[pri:1, instance:tests.Home_TC_02@4b14c583]" started-at="2022-02-09T19:11:29 IST" name="homePageValidation" finished-at="2022-02-09T19:11:29 IST" duration-ms="150" status="PASS">
          <reporter-output>
            <line>
              <![CDATA[Home Page Validated]]>
            </line>
          </reporter-output>
        </test-method> <!-- homePageValidation -->
        <test-method signature="officePageValidation()[pri:2, instance:tests.Home_TC_02@4b14c583]" started-at="2022-02-09T19:11:29 IST" name="officePageValidation" finished-at="2022-02-09T19:11:47 IST" duration-ms="17880" status="PASS">
          <reporter-output>
            <line>
              <![CDATA[Offices page is Validated]]>
            </line>
          </reporter-output>
        </test-method> <!-- officePageValidation -->
        <test-method signature="productsPageValidation()[pri:3, instance:tests.Home_TC_02@4b14c583]" started-at="2022-02-09T19:11:47 IST" name="productsPageValidation" finished-at="2022-02-09T19:11:54 IST" duration-ms="7698" status="PASS">
          <reporter-output>
            <line>
              <![CDATA[Products -> Business Insurance Page validated....]]>
            </line>
          </reporter-output>
        </test-method> <!-- productsPageValidation -->
        <test-method signature="insightsPageValidation()[pri:4, instance:tests.Home_TC_02@4b14c583]" started-at="2022-02-09T19:11:54 IST" name="insightsPageValidation" finished-at="2022-02-09T19:12:15 IST" duration-ms="20706" status="PASS">
          <reporter-output>
            <line>
              <![CDATA[Elements Present......Insights Page Validated]]>
            </line>
          </reporter-output>
        </test-method> <!-- insightsPageValidation -->
        <test-method signature="industriesPagevalidation()[pri:5, instance:tests.Home_TC_02@4b14c583]" started-at="2022-02-09T19:12:15 IST" name="industriesPagevalidation" finished-at="2022-02-09T19:12:27 IST" duration-ms="12207" status="PASS">
          <reporter-output>
            <line>
              <![CDATA[Industries -> Entertainment Page Validated]]>
            </line>
          </reporter-output>
        </test-method> <!-- industriesPagevalidation -->
        <test-method signature="searchIconValidation()[pri:6, instance:tests.Home_TC_02@4b14c583]" started-at="2022-02-09T19:12:27 IST" name="searchIconValidation" finished-at="2022-02-09T19:12:59 IST" duration-ms="31706" status="FAIL">
          <exception class="org.openqa.selenium.NoSuchElementException">
            <message>
              <![CDATA[no such element: Unable to locate element: {"method":"xpath","selector":"//*[@class="query-text"]"}
  (Session info: chrome=97.0.4692.98)
For documentation on this error, please visit: https://www.seleniumhq.org/exceptions/no_such_element.html
Build info: version: '3.141.59', revision: 'e82be7d358', time: '2018-11-14T08:17:03'
System info: host: 'sonal-X556UQK', ip: '127.0.1.1', os.name: 'Linux', os.arch: 'amd64', os.version: '5.13.0-27-generic', java.version: '11.0.13'
Driver info: io.appium.java_client.AppiumDriver
Capabilities {appActivity: com.google.android.apps.chr..., appPackage: com.android.chrome, automationName: UiAutomator2, browserName: Chrome, chromedriverExecutable: /home/sonal/Downloads/chrom..., databaseEnabled: false, desired: {automationName: UiAutomator2, browserName: Chrome, chromedriverExecutable: /home/sonal/Downloads/chrom..., deviceName: Nexus 5X API 25, newCommandTimeout: 60, platformName: android, platformVersion: 7.1.1, udid: emulator-5554}, deviceApiLevel: 25, deviceManufacturer: Google, deviceModel: Android SDK built for x86, deviceName: emulator-5554, deviceScreenDensity: 420, deviceScreenSize: 1080x1920, deviceUDID: emulator-5554, javascriptEnabled: true, locationContextEnabled: false, networkConnectionEnabled: true, newCommandTimeout: 60, pixelRatio: 2.625, platform: LINUX, platformName: ANDROID, platformVersion: 7.1.1, statBarHeight: 63, takesScreenshot: true, udid: emulator-5554, viewportRect: {height: 1731, left: 0, top: 63, width: 1080}, warnings: {}, webStorageEnabled: false}
Session ID: 08ebdc50-f402-4ff4-bc5e-fdb5f99dd05f
*** Element info: {Using=xpath, value=//*[@class="query-text"]}]]>
            </message>
            <full-stacktrace>
              <![CDATA[org.openqa.selenium.NoSuchElementException: no such element: Unable to locate element: {"method":"xpath","selector":"//*[@class="query-text"]"}
  (Session info: chrome=97.0.4692.98)
For documentation on this error, please visit: https://www.seleniumhq.org/exceptions/no_such_element.html
Build info: version: '3.141.59', revision: 'e82be7d358', time: '2018-11-14T08:17:03'
System info: host: 'sonal-X556UQK', ip: '127.0.1.1', os.name: 'Linux', os.arch: 'amd64', os.version: '5.13.0-27-generic', java.version: '11.0.13'
Driver info: io.appium.java_client.AppiumDriver
Capabilities {appActivity: com.google.android.apps.chr..., appPackage: com.android.chrome, automationName: UiAutomator2, browserName: Chrome, chromedriverExecutable: /home/sonal/Downloads/chrom..., databaseEnabled: false, desired: {automationName: UiAutomator2, browserName: Chrome, chromedriverExecutable: /home/sonal/Downloads/chrom..., deviceName: Nexus 5X API 25, newCommandTimeout: 60, platformName: android, platformVersion: 7.1.1, udid: emulator-5554}, deviceApiLevel: 25, deviceManufacturer: Google, deviceModel: Android SDK built for x86, deviceName: emulator-5554, deviceScreenDensity: 420, deviceScreenSize: 1080x1920, deviceUDID: emulator-5554, javascriptEnabled: true, locationContextEnabled: false, networkConnectionEnabled: true, newCommandTimeout: 60, pixelRatio: 2.625, platform: LINUX, platformName: ANDROID, platformVersion: 7.1.1, statBarHeight: 63, takesScreenshot: true, udid: emulator-5554, viewportRect: {height: 1731, left: 0, top: 63, width: 1080}, warnings: {}, webStorageEnabled: false}
Session ID: 08ebdc50-f402-4ff4-bc5e-fdb5f99dd05f
*** Element info: {Using=xpath, value=//*[@class="query-text"]}
at java.base/jdk.internal.reflect.NativeConstructorAccessorImpl.newInstance0(Native Method)
at java.base/jdk.internal.reflect.NativeConstructorAccessorImpl.newInstance(NativeConstructorAccessorImpl.java:62)
at java.base/jdk.internal.reflect.DelegatingConstructorAccessorImpl.newInstance(DelegatingConstructorAccessorImpl.java:45)
at java.base/java.lang.reflect.Constructor.newInstance(Constructor.java:490)
at org.openqa.selenium.remote.http.W3CHttpResponseCodec.createException(W3CHttpResponseCodec.java:187)
at org.openqa.selenium.remote.http.W3CHttpResponseCodec.decode(W3CHttpResponseCodec.java:122)
at org.openqa.selenium.remote.http.W3CHttpResponseCodec.decode(W3CHttpResponseCodec.java:49)
at org.openqa.selenium.remote.HttpCommandExecutor.execute(HttpCommandExecutor.java:158)
at io.appium.java_client.remote.AppiumCommandExecutor.execute(AppiumCommandExecutor.java:250)
at org.openqa.selenium.remote.RemoteWebDriver.execute(RemoteWebDriver.java:552)
at io.appium.java_client.DefaultGenericMobileDriver.execute(DefaultGenericMobileDriver.java:41)
at io.appium.java_client.AppiumDriver.execute(AppiumDriver.java:1)
at org.openqa.selenium.remote.RemoteWebDriver.findElement(RemoteWebDriver.java:323)
at io.appium.java_client.DefaultGenericMobileDriver.findElement(DefaultGenericMobileDriver.java:61)
at io.appium.java_client.AppiumDriver.findElement(AppiumDriver.java:1)
at org.openqa.selenium.remote.RemoteWebDriver.findElementByXPath(RemoteWebDriver.java:428)
at io.appium.java_client.DefaultGenericMobileDriver.findElementByXPath(DefaultGenericMobileDriver.java:151)
at io.appium.java_client.AppiumDriver.findElementByXPath(AppiumDriver.java:1)
at org.openqa.selenium.By$ByXPath.findElement(By.java:353)
at org.openqa.selenium.remote.RemoteWebDriver.findElement(RemoteWebDriver.java:315)
at io.appium.java_client.DefaultGenericMobileDriver.findElement(DefaultGenericMobileDriver.java:57)
at io.appium.java_client.AppiumDriver.findElement(AppiumDriver.java:1)
at pages.Search.pageValidation(Search.java:30)
at pages.Home.searchIconClick(Home.java:90)
at tests.Home_TC_02.searchIconValidation(Home_TC_02.java:55)
at java.base/jdk.internal.reflect.NativeMethodAccessorImpl.invoke0(Native Method)
at java.base/jdk.internal.reflect.NativeMethodAccessorImpl.invoke(NativeMethodAccessorImpl.java:62)
at java.base/jdk.internal.reflect.DelegatingMethodAccessorImpl.invoke(DelegatingMethodAccessorImpl.java:43)
at java.base/java.lang.reflect.Method.invoke(Method.java:566)
at org.testng.internal.MethodInvocationHelper.invokeMethod(MethodInvocationHelper.java:133)
at org.testng.internal.TestInvoker.invokeMethod(TestInvoker.java:598)
at org.testng.internal.TestInvoker.invokeTestMethod(TestInvoker.java:173)
at org.testng.internal.MethodRunner.runInSequence(MethodRunner.java:46)
at org.testng.internal.TestInvoker$MethodInvocationAgent.invoke(TestInvoker.java:824)
at org.testng.internal.TestInvoker.invokeTestMethods(TestInvoker.java:146)
at org.testng.internal.TestMethodWorker.invokeTestMethods(TestMethodWorker.java:146)
at org.testng.internal.TestMethodWorker.run(TestMethodWorker.java:128)
at java.base/java.util.ArrayList.forEach(ArrayList.java:1541)
at org.testng.TestRunner.privateRun(TestRunner.java:794)
at org.testng.TestRunner.run(TestRunner.java:596)
at org.testng.SuiteRunner.runTest(SuiteRunner.java:377)
at org.testng.SuiteRunner.runSequentially(SuiteRunner.java:371)
at org.testng.SuiteRunner.privateRun(SuiteRunner.java:332)
at org.testng.SuiteRunner.run(SuiteRunner.java:276)
at org.testng.SuiteRunnerWorker.runSuite(SuiteRunnerWorker.java:53)
at org.testng.SuiteRunnerWorker.run(SuiteRunnerWorker.java:96)
at org.testng.TestNG.runSuitesSequentially(TestNG.java:1212)
at org.testng.TestNG.runSuitesLocally(TestNG.java:1134)
at org.testng.TestNG.runSuites(TestNG.java:1063)
at org.testng.TestNG.run(TestNG.java:1031)
at org.testng.remote.AbstractRemoteTestNG.run(AbstractRemoteTestNG.java:115)
at org.testng.remote.RemoteTestNG.initAndRun(RemoteTestNG.java:251)
at org.testng.remote.RemoteTestNG.main(RemoteTestNG.java:77)
]]>
            </full-stacktrace>
          </exception> <!-- org.openqa.selenium.NoSuchElementException -->
          <reporter-output>
          </reporter-output>
        </test-method> <!-- searchIconValidation -->
        <test-method signature="contactUsPageValidation()[pri:7, instance:tests.Home_TC_02@4b14c583]" started-at="2022-02-09T19:12:59 IST" name="contactUsPageValidation" finished-at="2022-02-09T19:13:11 IST" duration-ms="12134" status="PASS">
          <reporter-output>
            <line>
              <![CDATA[Contact us page validated]]>
            </line>
          </reporter-output>
        </test-method> <!-- contactUsPageValidation -->
        <test-method is-config="true" signature="teardown()[pri:0, instance:tests.Home_TC_02@4b14c583]" started-at="2022-02-09T19:13:11 IST" name="teardown" finished-at="2022-02-09T19:13:16 IST" duration-ms="4740" status="PASS">
          <reporter-output>
          </reporter-output>
        </test-method> <!-- teardown -->
      </class> <!-- tests.Home_TC_02 -->
    </test> <!-- SanityTest -->
  </suite> <!-- Suite -->
</testng-results>
