<?xml version="1.0" encoding="UTF-8"?>
<testng-results ignored="0" total="8" passed="8" failed="0" skipped="0">
  <reporter-output>
    <line>
      <![CDATA[Home Page Validated]]>
    </line>
    <line>
      <![CDATA[Offices page is Validated]]>
    </line>
    <line>
      <![CDATA[Products -> Business Insurance Page validated....]]>
    </line>
    <line>
      <![CDATA[Elements Present......Insights Page Validated]]>
    </line>
    <line>
      <![CDATA[Industries -> Entertainment Page Validated]]>
    </line>
    <line>
      <![CDATA[IndustriesPage is validated]]>
    </line>
    <line>
      <![CDATA[Contact us page validated]]>
    </line>
  </reporter-output>
  <suite started-at="2022-01-27T20:14:11 IST" name="Suite" finished-at="2022-01-27T20:16:27 IST" duration-ms="136429">
    <groups>
    </groups>
    <test started-at="2022-01-27T20:14:11 IST" name="SanityTest" finished-at="2022-01-27T20:16:27 IST" duration-ms="136429">
      <class name="tests.Home_TC_02">
        <test-method is-config="true" signature="setup()[pri:0, instance:tests.Home_TC_02@4b14c583]" started-at="2022-01-27T20:14:11 IST" name="setup" finished-at="2022-01-27T20:14:51 IST" duration-ms="39736" status="PASS">
          <reporter-output>
          </reporter-output>
        </test-method> <!-- setup -->
        <test-method signature="cookieClose()[pri:0, instance:tests.Home_TC_02@4b14c583]" started-at="2022-01-27T20:14:51 IST" name="cookieClose" finished-at="2022-01-27T20:14:51 IST" duration-ms="359" status="PASS">
          <reporter-output>
          </reporter-output>
        </test-method> <!-- cookieClose -->
        <test-method signature="homePageValidation()[pri:1, instance:tests.Home_TC_02@4b14c583]" started-at="2022-01-27T20:14:51 IST" name="homePageValidation" finished-at="2022-01-27T20:14:51 IST" duration-ms="69" status="PASS">
          <reporter-output>
            <line>
              <![CDATA[Home Page Validated]]>
            </line>
          </reporter-output>
        </test-method> <!-- homePageValidation -->
        <test-method signature="officePageValidation()[pri:2, instance:tests.Home_TC_02@4b14c583]" started-at="2022-01-27T20:14:51 IST" name="officePageValidation" finished-at="2022-01-27T20:14:59 IST" duration-ms="8117" status="PASS">
          <reporter-output>
            <line>
              <![CDATA[Offices page is Validated]]>
            </line>
          </reporter-output>
        </test-method> <!-- officePageValidation -->
        <test-method signature="productsPageValidation()[pri:3, instance:tests.Home_TC_02@4b14c583]" started-at="2022-01-27T20:14:59 IST" name="productsPageValidation" finished-at="2022-01-27T20:15:07 IST" duration-ms="8347" status="PASS">
          <reporter-output>
            <line>
              <![CDATA[Products -> Business Insurance Page validated....]]>
            </line>
          </reporter-output>
        </test-method> <!-- productsPageValidation -->
        <test-method signature="insightsPageValidation()[pri:4, instance:tests.Home_TC_02@4b14c583]" started-at="2022-01-27T20:15:07 IST" name="insightsPageValidation" finished-at="2022-01-27T20:15:24 IST" duration-ms="16221" status="PASS">
          <reporter-output>
            <line>
              <![CDATA[Elements Present......Insights Page Validated]]>
            </line>
          </reporter-output>
        </test-method> <!-- insightsPageValidation -->
        <test-method signature="industriesPagevalidation()[pri:5, instance:tests.Home_TC_02@4b14c583]" started-at="2022-01-27T20:15:24 IST" name="industriesPagevalidation" finished-at="2022-01-27T20:15:33 IST" duration-ms="9558" status="PASS">
          <reporter-output>
            <line>
              <![CDATA[Industries -> Entertainment Page Validated]]>
            </line>
          </reporter-output>
        </test-method> <!-- industriesPagevalidation -->
        <test-method signature="searchIconValidation()[pri:6, instance:tests.Home_TC_02@4b14c583]" started-at="2022-01-27T20:15:33 IST" name="searchIconValidation" finished-at="2022-01-27T20:15:52 IST" duration-ms="18292" status="PASS">
          <reporter-output>
            <line>
              <![CDATA[IndustriesPage is validated]]>
            </line>
          </reporter-output>
        </test-method> <!-- searchIconValidation -->
        <test-method signature="contactUsPageValidation()[pri:7, instance:tests.Home_TC_02@4b14c583]" started-at="2022-01-27T20:15:52 IST" name="contactUsPageValidation" finished-at="2022-01-27T20:16:23 IST" duration-ms="31387" status="PASS">
          <reporter-output>
            <line>
              <![CDATA[Contact us page validated]]>
            </line>
          </reporter-output>
        </test-method> <!-- contactUsPageValidation -->
        <test-method is-config="true" signature="teardown()[pri:0, instance:tests.Home_TC_02@4b14c583]" started-at="2022-01-27T20:16:23 IST" name="teardown" finished-at="2022-01-27T20:16:27 IST" duration-ms="4264" status="PASS">
          <reporter-output>
          </reporter-output>
        </test-method> <!-- teardown -->
      </class> <!-- tests.Home_TC_02 -->
    </test> <!-- SanityTest -->
  </suite> <!-- Suite -->
</testng-results>
